2020-10-16 13:51:18.568  INFO 11456 --- [restartedMain] c.y.w.WechatcontentApplication           : Starting WechatcontentApplication on PC201905012116 with PID 11456 (D:\ZNGitlab\wechatcontent\target\classes started by Administrator in D:\ZNGitlab\wechatcontent)
2020-10-16 13:51:18.652  INFO 11456 --- [restartedMain] c.y.w.WechatcontentApplication           : No active profile set, falling back to default profiles: default
2020-10-16 13:51:19.324  INFO 11456 --- [restartedMain] .e.DevToolsPropertyDefaultsPostProcessor : Devtools property defaults active! Set 'spring.devtools.add-properties' to 'false' to disable
2020-10-16 13:51:19.324  INFO 11456 --- [restartedMain] .e.DevToolsPropertyDefaultsPostProcessor : For additional web related logging consider setting the 'logging.level.web' property to 'DEBUG'
2020-10-16 13:51:23.111  INFO 11456 --- [restartedMain] o.s.b.w.embedded.tomcat.TomcatWebServer  : Tomcat initialized with port(s): 8080 (http)
2020-10-16 13:51:23.124  INFO 11456 --- [restartedMain] o.apache.catalina.core.StandardService   : Starting service [Tomcat]
2020-10-16 13:51:23.125  INFO 11456 --- [restartedMain] org.apache.catalina.core.StandardEngine  : Starting Servlet engine: [Apache Tomcat/9.0.38]
2020-10-16 13:51:23.228  INFO 11456 --- [restartedMain] o.a.c.c.C.[Tomcat].[localhost].[/]       : Initializing Spring embedded WebApplicationContext
2020-10-16 13:51:23.228  INFO 11456 --- [restartedMain] w.s.c.ServletWebServerApplicationContext : Root WebApplicationContext: initialization completed in 3876 ms
2020-10-16 13:51:24.264  INFO 11456 --- [restartedMain] o.s.s.concurrent.ThreadPoolTaskExecutor  : Initializing ExecutorService 'applicationTaskExecutor'
2020-10-16 13:51:24.818  INFO 11456 --- [restartedMain] o.s.b.d.a.OptionalLiveReloadServer       : LiveReload server is running on port 35729
2020-10-16 13:51:24.824  INFO 11456 --- [restartedMain] o.s.b.a.e.web.EndpointLinksResolver      : Exposing 2 endpoint(s) beneath base path '/actuator'
2020-10-16 13:51:24.973  INFO 11456 --- [restartedMain] o.s.b.w.embedded.tomcat.TomcatWebServer  : Tomcat started on port(s): 8080 (http) with context path ''
2020-10-16 13:51:25.002  INFO 11456 --- [restartedMain] c.y.w.WechatcontentApplication           : Started WechatcontentApplication in 7.873 seconds (JVM running for 12.772)
2020-10-16 13:51:25.063  INFO 11456 --- [restartedMain] com.zaxxer.hikari.HikariDataSource       : HikariPool-1 - Starting...
2020-10-16 13:51:25.203  INFO 11456 --- [restartedMain] com.zaxxer.hikari.HikariDataSource       : HikariPool-1 - Start completed.
2020-10-16 13:51:25.444  INFO 11456 --- [RMI TCP Connection(1)-192.168.25.1] o.a.c.c.C.[Tomcat].[localhost].[/]       : Initializing Spring DispatcherServlet 'dispatcherServlet'
2020-10-16 13:51:25.445  INFO 11456 --- [RMI TCP Connection(1)-192.168.25.1] o.s.web.servlet.DispatcherServlet        : Initializing Servlet 'dispatcherServlet'
2020-10-16 13:51:25.456  INFO 11456 --- [RMI TCP Connection(1)-192.168.25.1] o.s.web.servlet.DispatcherServlet        : Completed initialization in 11 ms
2020-10-16 13:53:22.917  INFO 4068 --- [restartedMain] c.y.w.WechatcontentApplication           : Starting WechatcontentApplication on PC201905012116 with PID 4068 (D:\ZNGitlab\wechatcontent\target\classes started by Administrator in D:\ZNGitlab\wechatcontent)
2020-10-16 13:53:22.929  INFO 4068 --- [restartedMain] c.y.w.WechatcontentApplication           : No active profile set, falling back to default profiles: default
2020-10-16 13:53:23.082  INFO 4068 --- [restartedMain] .e.DevToolsPropertyDefaultsPostProcessor : Devtools property defaults active! Set 'spring.devtools.add-properties' to 'false' to disable
2020-10-16 13:53:23.083  INFO 4068 --- [restartedMain] .e.DevToolsPropertyDefaultsPostProcessor : For additional web related logging consider setting the 'logging.level.web' property to 'DEBUG'
2020-10-16 13:53:25.677  INFO 4068 --- [restartedMain] o.s.b.w.embedded.tomcat.TomcatWebServer  : Tomcat initialized with port(s): 8080 (http)
2020-10-16 13:53:25.689  INFO 4068 --- [restartedMain] o.apache.catalina.core.StandardService   : Starting service [Tomcat]
2020-10-16 13:53:25.689  INFO 4068 --- [restartedMain] org.apache.catalina.core.StandardEngine  : Starting Servlet engine: [Apache Tomcat/9.0.38]
2020-10-16 13:53:25.825  INFO 4068 --- [restartedMain] o.a.c.c.C.[Tomcat].[localhost].[/]       : Initializing Spring embedded WebApplicationContext
2020-10-16 13:53:25.826  INFO 4068 --- [restartedMain] w.s.c.ServletWebServerApplicationContext : Root WebApplicationContext: initialization completed in 2743 ms
2020-10-16 13:53:26.749  INFO 4068 --- [restartedMain] o.s.s.concurrent.ThreadPoolTaskExecutor  : Initializing ExecutorService 'applicationTaskExecutor'
2020-10-16 13:53:27.242  INFO 4068 --- [restartedMain] o.s.b.d.a.OptionalLiveReloadServer       : LiveReload server is running on port 35729
2020-10-16 13:53:27.249  INFO 4068 --- [restartedMain] o.s.b.a.e.web.EndpointLinksResolver      : Exposing 2 endpoint(s) beneath base path '/actuator'
2020-10-16 13:53:27.315  INFO 4068 --- [restartedMain] o.s.b.w.embedded.tomcat.TomcatWebServer  : Tomcat started on port(s): 8080 (http) with context path ''
2020-10-16 13:53:27.335  INFO 4068 --- [restartedMain] c.y.w.WechatcontentApplication           : Started WechatcontentApplication in 5.06 seconds (JVM running for 7.247)
2020-10-16 13:53:27.361  INFO 4068 --- [restartedMain] com.zaxxer.hikari.HikariDataSource       : HikariPool-1 - Starting...
2020-10-16 13:53:27.469  INFO 4068 --- [restartedMain] com.zaxxer.hikari.HikariDataSource       : HikariPool-1 - Start completed.
2020-10-16 13:53:27.734  INFO 4068 --- [RMI TCP Connection(2)-192.168.25.1] o.a.c.c.C.[Tomcat].[localhost].[/]       : Initializing Spring DispatcherServlet 'dispatcherServlet'
2020-10-16 13:53:27.735  INFO 4068 --- [RMI TCP Connection(2)-192.168.25.1] o.s.web.servlet.DispatcherServlet        : Initializing Servlet 'dispatcherServlet'
2020-10-16 13:53:27.747  INFO 4068 --- [RMI TCP Connection(2)-192.168.25.1] o.s.web.servlet.DispatcherServlet        : Completed initialization in 12 ms
2020-10-16 13:53:40.534  INFO 6468 --- [restartedMain] c.y.w.WechatcontentApplication           : Starting WechatcontentApplication on PC201905012116 with PID 6468 (D:\ZNGitlab\wechatcontent\target\classes started by Administrator in D:\ZNGitlab\wechatcontent)
2020-10-16 13:53:40.540  INFO 6468 --- [restartedMain] c.y.w.WechatcontentApplication           : No active profile set, falling back to default profiles: default
2020-10-16 13:53:40.638  INFO 6468 --- [restartedMain] .e.DevToolsPropertyDefaultsPostProcessor : Devtools property defaults active! Set 'spring.devtools.add-properties' to 'false' to disable
2020-10-16 13:53:40.639  INFO 6468 --- [restartedMain] .e.DevToolsPropertyDefaultsPostProcessor : For additional web related logging consider setting the 'logging.level.web' property to 'DEBUG'
2020-10-16 13:53:42.553  INFO 6468 --- [restartedMain] o.s.b.w.embedded.tomcat.TomcatWebServer  : Tomcat initialized with port(s): 8080 (http)
2020-10-16 13:53:42.568  INFO 6468 --- [restartedMain] o.apache.catalina.core.StandardService   : Starting service [Tomcat]
2020-10-16 13:53:42.569  INFO 6468 --- [restartedMain] org.apache.catalina.core.StandardEngine  : Starting Servlet engine: [Apache Tomcat/9.0.38]
2020-10-16 13:53:42.660  INFO 6468 --- [restartedMain] o.a.c.c.C.[Tomcat].[localhost].[/]       : Initializing Spring embedded WebApplicationContext
2020-10-16 13:53:42.660  INFO 6468 --- [restartedMain] w.s.c.ServletWebServerApplicationContext : Root WebApplicationContext: initialization completed in 2020 ms
2020-10-16 13:53:43.334  INFO 6468 --- [restartedMain] o.s.s.concurrent.ThreadPoolTaskExecutor  : Initializing ExecutorService 'applicationTaskExecutor'
2020-10-16 13:53:43.844  INFO 6468 --- [restartedMain] o.s.b.d.a.OptionalLiveReloadServer       : LiveReload server is running on port 35729
2020-10-16 13:53:43.850  INFO 6468 --- [restartedMain] o.s.b.a.e.web.EndpointLinksResolver      : Exposing 2 endpoint(s) beneath base path '/actuator'
2020-10-16 13:53:43.910  INFO 6468 --- [restartedMain] o.s.b.w.embedded.tomcat.TomcatWebServer  : Tomcat started on port(s): 8080 (http) with context path ''
2020-10-16 13:53:43.927  INFO 6468 --- [restartedMain] c.y.w.WechatcontentApplication           : Started WechatcontentApplication in 4.129 seconds (JVM running for 5.801)
2020-10-16 13:53:43.952  INFO 6468 --- [restartedMain] com.zaxxer.hikari.HikariDataSource       : HikariPool-1 - Starting...
2020-10-16 13:53:44.059  INFO 6468 --- [restartedMain] com.zaxxer.hikari.HikariDataSource       : HikariPool-1 - Start completed.
2020-10-16 13:53:44.857  INFO 6468 --- [RMI TCP Connection(3)-192.168.25.1] o.a.c.c.C.[Tomcat].[localhost].[/]       : Initializing Spring DispatcherServlet 'dispatcherServlet'
2020-10-16 13:53:44.857  INFO 6468 --- [RMI TCP Connection(3)-192.168.25.1] o.s.web.servlet.DispatcherServlet        : Initializing Servlet 'dispatcherServlet'
2020-10-16 13:53:44.869  INFO 6468 --- [RMI TCP Connection(3)-192.168.25.1] o.s.web.servlet.DispatcherServlet        : Completed initialization in 12 ms
2020-10-16 13:58:11.072  INFO 12984 --- [restartedMain] c.y.w.WechatcontentApplication           : Starting WechatcontentApplication on PC201905012116 with PID 12984 (D:\ZNGitlab\wechatcontent\target\classes started by Administrator in D:\ZNGitlab\wechatcontent)
2020-10-16 13:58:11.087  INFO 12984 --- [restartedMain] c.y.w.WechatcontentApplication           : No active profile set, falling back to default profiles: default
2020-10-16 13:58:11.180  INFO 12984 --- [restartedMain] .e.DevToolsPropertyDefaultsPostProcessor : Devtools property defaults active! Set 'spring.devtools.add-properties' to 'false' to disable
2020-10-16 13:58:11.181  INFO 12984 --- [restartedMain] .e.DevToolsPropertyDefaultsPostProcessor : For additional web related logging consider setting the 'logging.level.web' property to 'DEBUG'
2020-10-16 13:58:12.967  INFO 12984 --- [restartedMain] o.s.b.w.embedded.tomcat.TomcatWebServer  : Tomcat initialized with port(s): 8080 (http)
2020-10-16 13:58:12.982  INFO 12984 --- [restartedMain] o.apache.catalina.core.StandardService   : Starting service [Tomcat]
2020-10-16 13:58:12.982  INFO 12984 --- [restartedMain] org.apache.catalina.core.StandardEngine  : Starting Servlet engine: [Apache Tomcat/9.0.38]
2020-10-16 13:58:13.107  INFO 12984 --- [restartedMain] o.a.c.c.C.[Tomcat].[localhost].[/]       : Initializing Spring embedded WebApplicationContext
2020-10-16 13:58:13.107  INFO 12984 --- [restartedMain] w.s.c.ServletWebServerApplicationContext : Root WebApplicationContext: initialization completed in 1926 ms
2020-10-16 13:58:13.783  INFO 12984 --- [restartedMain] o.s.s.concurrent.ThreadPoolTaskExecutor  : Initializing ExecutorService 'applicationTaskExecutor'
2020-10-16 13:58:14.264  INFO 12984 --- [restartedMain] o.s.b.d.a.OptionalLiveReloadServer       : LiveReload server is running on port 35729
2020-10-16 13:58:14.271  INFO 12984 --- [restartedMain] o.s.b.a.e.web.EndpointLinksResolver      : Exposing 2 endpoint(s) beneath base path '/actuator'
2020-10-16 13:58:14.329  INFO 12984 --- [restartedMain] o.s.b.w.embedded.tomcat.TomcatWebServer  : Tomcat started on port(s): 8080 (http) with context path ''
2020-10-16 13:58:14.345  INFO 12984 --- [restartedMain] c.y.w.WechatcontentApplication           : Started WechatcontentApplication in 4.085 seconds (JVM running for 5.656)
2020-10-16 13:58:14.369  INFO 12984 --- [restartedMain] com.zaxxer.hikari.HikariDataSource       : HikariPool-1 - Starting...
2020-10-16 13:58:14.464  INFO 12984 --- [restartedMain] com.zaxxer.hikari.HikariDataSource       : HikariPool-1 - Start completed.
2020-10-16 13:58:15.683  INFO 12984 --- [RMI TCP Connection(2)-192.168.25.1] o.a.c.c.C.[Tomcat].[localhost].[/]       : Initializing Spring DispatcherServlet 'dispatcherServlet'
2020-10-16 13:58:15.683  INFO 12984 --- [RMI TCP Connection(2)-192.168.25.1] o.s.web.servlet.DispatcherServlet        : Initializing Servlet 'dispatcherServlet'
2020-10-16 13:58:15.694  INFO 12984 --- [RMI TCP Connection(2)-192.168.25.1] o.s.web.servlet.DispatcherServlet        : Completed initialization in 10 ms
2020-10-16 13:58:49.660  INFO 11056 --- [restartedMain] c.y.w.WechatcontentApplication           : Starting WechatcontentApplication on PC201905012116 with PID 11056 (D:\ZNGitlab\wechatcontent\target\classes started by Administrator in D:\ZNGitlab\wechatcontent)
2020-10-16 13:58:49.665  INFO 11056 --- [restartedMain] c.y.w.WechatcontentApplication           : No active profile set, falling back to default profiles: default
2020-10-16 13:58:49.758  INFO 11056 --- [restartedMain] .e.DevToolsPropertyDefaultsPostProcessor : Devtools property defaults active! Set 'spring.devtools.add-properties' to 'false' to disable
2020-10-16 13:58:49.759  INFO 11056 --- [restartedMain] .e.DevToolsPropertyDefaultsPostProcessor : For additional web related logging consider setting the 'logging.level.web' property to 'DEBUG'
2020-10-16 13:58:51.777  INFO 11056 --- [restartedMain] o.s.b.w.embedded.tomcat.TomcatWebServer  : Tomcat initialized with port(s): 8080 (http)
2020-10-16 13:58:51.788  INFO 11056 --- [restartedMain] o.apache.catalina.core.StandardService   : Starting service [Tomcat]
2020-10-16 13:58:51.788  INFO 11056 --- [restartedMain] org.apache.catalina.core.StandardEngine  : Starting Servlet engine: [Apache Tomcat/9.0.38]
2020-10-16 13:58:51.906  INFO 11056 --- [restartedMain] o.a.c.c.C.[Tomcat].[localhost].[/]       : Initializing Spring embedded WebApplicationContext
2020-10-16 13:58:51.907  INFO 11056 --- [restartedMain] w.s.c.ServletWebServerApplicationContext : Root WebApplicationContext: initialization completed in 2148 ms
2020-10-16 13:58:52.827  INFO 11056 --- [restartedMain] o.s.s.concurrent.ThreadPoolTaskExecutor  : Initializing ExecutorService 'applicationTaskExecutor'
2020-10-16 13:58:53.226  INFO 11056 --- [restartedMain] o.s.b.d.a.OptionalLiveReloadServer       : LiveReload server is running on port 35729
2020-10-16 13:58:53.234  INFO 11056 --- [restartedMain] o.s.b.a.e.web.EndpointLinksResolver      : Exposing 2 endpoint(s) beneath base path '/actuator'
2020-10-16 13:58:53.292  INFO 11056 --- [restartedMain] o.s.b.w.embedded.tomcat.TomcatWebServer  : Tomcat started on port(s): 8080 (http) with context path ''
2020-10-16 13:58:53.311  INFO 11056 --- [restartedMain] c.y.w.WechatcontentApplication           : Started WechatcontentApplication in 4.378 seconds (JVM running for 5.988)
2020-10-16 13:58:53.342  INFO 11056 --- [restartedMain] com.zaxxer.hikari.HikariDataSource       : HikariPool-1 - Starting...
2020-10-16 13:58:53.440  INFO 11056 --- [restartedMain] com.zaxxer.hikari.HikariDataSource       : HikariPool-1 - Start completed.
2020-10-16 13:58:55.022  INFO 11056 --- [RMI TCP Connection(3)-192.168.25.1] o.a.c.c.C.[Tomcat].[localhost].[/]       : Initializing Spring DispatcherServlet 'dispatcherServlet'
2020-10-16 13:58:55.023  INFO 11056 --- [RMI TCP Connection(3)-192.168.25.1] o.s.web.servlet.DispatcherServlet        : Initializing Servlet 'dispatcherServlet'
2020-10-16 13:58:55.040  INFO 11056 --- [RMI TCP Connection(3)-192.168.25.1] o.s.web.servlet.DispatcherServlet        : Completed initialization in 17 ms
2020-10-16 14:01:09.483  INFO 1076 --- [restartedMain] c.y.w.WechatcontentApplication           : Starting WechatcontentApplication on PC201905012116 with PID 1076 (D:\ZNGitlab\wechatcontent\target\classes started by Administrator in D:\ZNGitlab\wechatcontent)
2020-10-16 14:01:09.489  INFO 1076 --- [restartedMain] c.y.w.WechatcontentApplication           : No active profile set, falling back to default profiles: default
2020-10-16 14:01:09.602  INFO 1076 --- [restartedMain] .e.DevToolsPropertyDefaultsPostProcessor : Devtools property defaults active! Set 'spring.devtools.add-properties' to 'false' to disable
2020-10-16 14:01:09.602  INFO 1076 --- [restartedMain] .e.DevToolsPropertyDefaultsPostProcessor : For additional web related logging consider setting the 'logging.level.web' property to 'DEBUG'
2020-10-16 14:01:11.436  INFO 1076 --- [restartedMain] o.s.b.w.embedded.tomcat.TomcatWebServer  : Tomcat initialized with port(s): 8080 (http)
2020-10-16 14:01:11.445  INFO 1076 --- [restartedMain] o.apache.catalina.core.StandardService   : Starting service [Tomcat]
2020-10-16 14:01:11.446  INFO 1076 --- [restartedMain] org.apache.catalina.core.StandardEngine  : Starting Servlet engine: [Apache Tomcat/9.0.38]
2020-10-16 14:01:11.539  INFO 1076 --- [restartedMain] o.a.c.c.C.[Tomcat].[localhost].[/]       : Initializing Spring embedded WebApplicationContext
2020-10-16 14:01:11.539  INFO 1076 --- [restartedMain] w.s.c.ServletWebServerApplicationContext : Root WebApplicationContext: initialization completed in 1936 ms
2020-10-16 14:01:12.322  INFO 1076 --- [restartedMain] o.s.s.concurrent.ThreadPoolTaskExecutor  : Initializing ExecutorService 'applicationTaskExecutor'
2020-10-16 14:01:12.743  INFO 1076 --- [restartedMain] o.s.b.d.a.OptionalLiveReloadServer       : LiveReload server is running on port 35729
2020-10-16 14:01:12.749  INFO 1076 --- [restartedMain] o.s.b.a.e.web.EndpointLinksResolver      : Exposing 2 endpoint(s) beneath base path '/actuator'
2020-10-16 14:01:12.827  INFO 1076 --- [restartedMain] o.s.b.w.embedded.tomcat.TomcatWebServer  : Tomcat started on port(s): 8080 (http) with context path ''
2020-10-16 14:01:12.852  INFO 1076 --- [restartedMain] c.y.w.WechatcontentApplication           : Started WechatcontentApplication in 4.104 seconds (JVM running for 5.711)
2020-10-16 14:01:12.888  INFO 1076 --- [restartedMain] com.zaxxer.hikari.HikariDataSource       : HikariPool-1 - Starting...
2020-10-16 14:01:12.999  INFO 1076 --- [restartedMain] com.zaxxer.hikari.HikariDataSource       : HikariPool-1 - Start completed.
2020-10-16 14:01:13.564  INFO 1076 --- [RMI TCP Connection(2)-192.168.25.1] o.a.c.c.C.[Tomcat].[localhost].[/]       : Initializing Spring DispatcherServlet 'dispatcherServlet'
2020-10-16 14:01:13.564  INFO 1076 --- [RMI TCP Connection(2)-192.168.25.1] o.s.web.servlet.DispatcherServlet        : Initializing Servlet 'dispatcherServlet'
2020-10-16 14:01:13.578  INFO 1076 --- [RMI TCP Connection(2)-192.168.25.1] o.s.web.servlet.DispatcherServlet        : Completed initialization in 13 ms
2020-10-16 14:05:39.809  INFO 11072 --- [restartedMain] c.y.w.WechatcontentApplication           : Starting WechatcontentApplication on PC201905012116 with PID 11072 (D:\ZNGitlab\wechatcontent\target\classes started by Administrator in D:\ZNGitlab\wechatcontent)
2020-10-16 14:05:39.813  INFO 11072 --- [restartedMain] c.y.w.WechatcontentApplication           : No active profile set, falling back to default profiles: default
2020-10-16 14:05:39.903  INFO 11072 --- [restartedMain] .e.DevToolsPropertyDefaultsPostProcessor : Devtools property defaults active! Set 'spring.devtools.add-properties' to 'false' to disable
2020-10-16 14:05:39.903  INFO 11072 --- [restartedMain] .e.DevToolsPropertyDefaultsPostProcessor : For additional web related logging consider setting the 'logging.level.web' property to 'DEBUG'
2020-10-16 14:05:41.856  INFO 11072 --- [restartedMain] o.s.b.w.embedded.tomcat.TomcatWebServer  : Tomcat initialized with port(s): 8080 (http)
2020-10-16 14:05:41.866  INFO 11072 --- [restartedMain] o.apache.catalina.core.StandardService   : Starting service [Tomcat]
2020-10-16 14:05:41.866  INFO 11072 --- [restartedMain] org.apache.catalina.core.StandardEngine  : Starting Servlet engine: [Apache Tomcat/9.0.38]
2020-10-16 14:05:41.962  INFO 11072 --- [restartedMain] o.a.c.c.C.[Tomcat].[localhost].[/]       : Initializing Spring embedded WebApplicationContext
2020-10-16 14:05:41.963  INFO 11072 --- [restartedMain] w.s.c.ServletWebServerApplicationContext : Root WebApplicationContext: initialization completed in 2059 ms
2020-10-16 14:05:42.703  INFO 11072 --- [restartedMain] o.s.s.concurrent.ThreadPoolTaskExecutor  : Initializing ExecutorService 'applicationTaskExecutor'
2020-10-16 14:05:43.222  INFO 11072 --- [restartedMain] o.s.b.d.a.OptionalLiveReloadServer       : LiveReload server is running on port 35729
2020-10-16 14:05:43.228  INFO 11072 --- [restartedMain] o.s.b.a.e.web.EndpointLinksResolver      : Exposing 2 endpoint(s) beneath base path '/actuator'
2020-10-16 14:05:43.298  INFO 11072 --- [restartedMain] o.s.b.w.embedded.tomcat.TomcatWebServer  : Tomcat started on port(s): 8080 (http) with context path ''
2020-10-16 14:05:43.315  INFO 11072 --- [restartedMain] c.y.w.WechatcontentApplication           : Started WechatcontentApplication in 4.387 seconds (JVM running for 5.972)
2020-10-16 14:05:43.344  INFO 11072 --- [restartedMain] com.zaxxer.hikari.HikariDataSource       : HikariPool-1 - Starting...
2020-10-16 14:05:43.456  INFO 11072 --- [restartedMain] com.zaxxer.hikari.HikariDataSource       : HikariPool-1 - Start completed.
2020-10-16 14:05:44.745  INFO 11072 --- [RMI TCP Connection(2)-192.168.25.1] o.a.c.c.C.[Tomcat].[localhost].[/]       : Initializing Spring DispatcherServlet 'dispatcherServlet'
2020-10-16 14:05:44.745  INFO 11072 --- [RMI TCP Connection(2)-192.168.25.1] o.s.web.servlet.DispatcherServlet        : Initializing Servlet 'dispatcherServlet'
2020-10-16 14:05:44.757  INFO 11072 --- [RMI TCP Connection(2)-192.168.25.1] o.s.web.servlet.DispatcherServlet        : Completed initialization in 12 ms
2020-10-16 14:06:18.024  INFO 13284 --- [restartedMain] c.y.w.WechatcontentApplication           : Starting WechatcontentApplication on PC201905012116 with PID 13284 (D:\ZNGitlab\wechatcontent\target\classes started by Administrator in D:\ZNGitlab\wechatcontent)
2020-10-16 14:06:18.029  INFO 13284 --- [restartedMain] c.y.w.WechatcontentApplication           : No active profile set, falling back to default profiles: default
2020-10-16 14:06:18.127  INFO 13284 --- [restartedMain] .e.DevToolsPropertyDefaultsPostProcessor : Devtools property defaults active! Set 'spring.devtools.add-properties' to 'false' to disable
2020-10-16 14:06:18.127  INFO 13284 --- [restartedMain] .e.DevToolsPropertyDefaultsPostProcessor : For additional web related logging consider setting the 'logging.level.web' property to 'DEBUG'
2020-10-16 14:06:20.043  INFO 13284 --- [restartedMain] o.s.b.w.embedded.tomcat.TomcatWebServer  : Tomcat initialized with port(s): 8080 (http)
2020-10-16 14:06:20.053  INFO 13284 --- [restartedMain] o.apache.catalina.core.StandardService   : Starting service [Tomcat]
2020-10-16 14:06:20.053  INFO 13284 --- [restartedMain] org.apache.catalina.core.StandardEngine  : Starting Servlet engine: [Apache Tomcat/9.0.38]
2020-10-16 14:06:20.207  INFO 13284 --- [restartedMain] o.a.c.c.C.[Tomcat].[localhost].[/]       : Initializing Spring embedded WebApplicationContext
2020-10-16 14:06:20.208  INFO 13284 --- [restartedMain] w.s.c.ServletWebServerApplicationContext : Root WebApplicationContext: initialization completed in 2080 ms
2020-10-16 14:06:20.924  INFO 13284 --- [restartedMain] o.s.s.concurrent.ThreadPoolTaskExecutor  : Initializing ExecutorService 'applicationTaskExecutor'
2020-10-16 14:06:21.483  INFO 13284 --- [restartedMain] o.s.b.d.a.OptionalLiveReloadServer       : LiveReload server is running on port 35729
2020-10-16 14:06:21.489  INFO 13284 --- [restartedMain] o.s.b.a.e.web.EndpointLinksResolver      : Exposing 2 endpoint(s) beneath base path '/actuator'
2020-10-16 14:06:21.553  INFO 13284 --- [restartedMain] o.s.b.w.embedded.tomcat.TomcatWebServer  : Tomcat started on port(s): 8080 (http) with context path ''
2020-10-16 14:06:21.574  INFO 13284 --- [restartedMain] c.y.w.WechatcontentApplication           : Started WechatcontentApplication in 4.325 seconds (JVM running for 5.946)
2020-10-16 14:06:21.604  INFO 13284 --- [restartedMain] com.zaxxer.hikari.HikariDataSource       : HikariPool-1 - Starting...
2020-10-16 14:06:21.707  INFO 13284 --- [restartedMain] com.zaxxer.hikari.HikariDataSource       : HikariPool-1 - Start completed.
2020-10-16 14:06:22.286  INFO 13284 --- [RMI TCP Connection(1)-192.168.25.1] o.a.c.c.C.[Tomcat].[localhost].[/]       : Initializing Spring DispatcherServlet 'dispatcherServlet'
2020-10-16 14:06:22.287  INFO 13284 --- [RMI TCP Connection(1)-192.168.25.1] o.s.web.servlet.DispatcherServlet        : Initializing Servlet 'dispatcherServlet'
2020-10-16 14:06:22.300  INFO 13284 --- [RMI TCP Connection(1)-192.168.25.1] o.s.web.servlet.DispatcherServlet        : Completed initialization in 13 ms
2020-10-16 14:08:02.639  INFO 3332 --- [restartedMain] c.y.w.WechatcontentApplication           : Starting WechatcontentApplication on PC201905012116 with PID 3332 (D:\ZNGitlab\wechatcontent\target\classes started by Administrator in D:\ZNGitlab\wechatcontent)
2020-10-16 14:08:02.643  INFO 3332 --- [restartedMain] c.y.w.WechatcontentApplication           : No active profile set, falling back to default profiles: default
2020-10-16 14:08:02.738  INFO 3332 --- [restartedMain] .e.DevToolsPropertyDefaultsPostProcessor : Devtools property defaults active! Set 'spring.devtools.add-properties' to 'false' to disable
2020-10-16 14:08:02.739  INFO 3332 --- [restartedMain] .e.DevToolsPropertyDefaultsPostProcessor : For additional web related logging consider setting the 'logging.level.web' property to 'DEBUG'
2020-10-16 14:08:04.797  INFO 3332 --- [restartedMain] o.s.b.w.embedded.tomcat.TomcatWebServer  : Tomcat initialized with port(s): 8080 (http)
2020-10-16 14:08:04.807  INFO 3332 --- [restartedMain] o.apache.catalina.core.StandardService   : Starting service [Tomcat]
2020-10-16 14:08:04.807  INFO 3332 --- [restartedMain] org.apache.catalina.core.StandardEngine  : Starting Servlet engine: [Apache Tomcat/9.0.38]
2020-10-16 14:08:04.945  INFO 3332 --- [restartedMain] o.a.c.c.C.[Tomcat].[localhost].[/]       : Initializing Spring embedded WebApplicationContext
2020-10-16 14:08:04.945  INFO 3332 --- [restartedMain] w.s.c.ServletWebServerApplicationContext : Root WebApplicationContext: initialization completed in 2206 ms
2020-10-16 14:08:05.676  INFO 3332 --- [restartedMain] o.s.s.concurrent.ThreadPoolTaskExecutor  : Initializing ExecutorService 'applicationTaskExecutor'
2020-10-16 14:08:06.164  INFO 3332 --- [restartedMain] o.s.b.d.a.OptionalLiveReloadServer       : LiveReload server is running on port 35729
2020-10-16 14:08:06.171  INFO 3332 --- [restartedMain] o.s.b.a.e.web.EndpointLinksResolver      : Exposing 2 endpoint(s) beneath base path '/actuator'
2020-10-16 14:08:06.233  INFO 3332 --- [restartedMain] o.s.b.w.embedded.tomcat.TomcatWebServer  : Tomcat started on port(s): 8080 (http) with context path ''
2020-10-16 14:08:06.254  INFO 3332 --- [restartedMain] c.y.w.WechatcontentApplication           : Started WechatcontentApplication in 4.37 seconds (JVM running for 6.019)
2020-10-16 14:08:06.281  INFO 3332 --- [restartedMain] com.zaxxer.hikari.HikariDataSource       : HikariPool-1 - Starting...
2020-10-16 14:08:06.398  INFO 3332 --- [restartedMain] com.zaxxer.hikari.HikariDataSource       : HikariPool-1 - Start completed.
2020-10-16 14:08:06.884  INFO 3332 --- [RMI TCP Connection(1)-192.168.25.1] o.a.c.c.C.[Tomcat].[localhost].[/]       : Initializing Spring DispatcherServlet 'dispatcherServlet'
2020-10-16 14:08:06.885  INFO 3332 --- [RMI TCP Connection(1)-192.168.25.1] o.s.web.servlet.DispatcherServlet        : Initializing Servlet 'dispatcherServlet'
2020-10-16 14:08:06.901  INFO 3332 --- [RMI TCP Connection(1)-192.168.25.1] o.s.web.servlet.DispatcherServlet        : Completed initialization in 15 ms
2020-10-16 14:08:55.029  INFO 13256 --- [restartedMain] c.y.w.WechatcontentApplication           : Starting WechatcontentApplication on PC201905012116 with PID 13256 (D:\ZNGitlab\wechatcontent\target\classes started by Administrator in D:\ZNGitlab\wechatcontent)
2020-10-16 14:08:55.038  INFO 13256 --- [restartedMain] c.y.w.WechatcontentApplication           : No active profile set, falling back to default profiles: default
2020-10-16 14:08:55.139  INFO 13256 --- [restartedMain] .e.DevToolsPropertyDefaultsPostProcessor : Devtools property defaults active! Set 'spring.devtools.add-properties' to 'false' to disable
2020-10-16 14:08:55.140  INFO 13256 --- [restartedMain] .e.DevToolsPropertyDefaultsPostProcessor : For additional web related logging consider setting the 'logging.level.web' property to 'DEBUG'
2020-10-16 14:08:57.341  INFO 13256 --- [restartedMain] o.s.b.w.embedded.tomcat.TomcatWebServer  : Tomcat initialized with port(s): 8080 (http)
2020-10-16 14:08:57.350  INFO 13256 --- [restartedMain] o.apache.catalina.core.StandardService   : Starting service [Tomcat]
2020-10-16 14:08:57.351  INFO 13256 --- [restartedMain] org.apache.catalina.core.StandardEngine  : Starting Servlet engine: [Apache Tomcat/9.0.38]
2020-10-16 14:08:57.468  INFO 13256 --- [restartedMain] o.a.c.c.C.[Tomcat].[localhost].[/]       : Initializing Spring embedded WebApplicationContext
2020-10-16 14:08:57.469  INFO 13256 --- [restartedMain] w.s.c.ServletWebServerApplicationContext : Root WebApplicationContext: initialization completed in 2329 ms
2020-10-16 14:08:58.206  INFO 13256 --- [restartedMain] o.s.s.concurrent.ThreadPoolTaskExecutor  : Initializing ExecutorService 'applicationTaskExecutor'
2020-10-16 14:08:58.685  INFO 13256 --- [restartedMain] o.s.b.d.a.OptionalLiveReloadServer       : LiveReload server is running on port 35729
2020-10-16 14:08:58.692  INFO 13256 --- [restartedMain] o.s.b.a.e.web.EndpointLinksResolver      : Exposing 2 endpoint(s) beneath base path '/actuator'
2020-10-16 14:08:58.758  INFO 13256 --- [restartedMain] o.s.b.w.embedded.tomcat.TomcatWebServer  : Tomcat started on port(s): 8080 (http) with context path ''
2020-10-16 14:08:58.776  INFO 13256 --- [restartedMain] c.y.w.WechatcontentApplication           : Started WechatcontentApplication in 4.872 seconds (JVM running for 6.722)
2020-10-16 14:08:58.805  INFO 13256 --- [restartedMain] com.zaxxer.hikari.HikariDataSource       : HikariPool-1 - Starting...
2020-10-16 14:08:58.910  INFO 13256 --- [restartedMain] com.zaxxer.hikari.HikariDataSource       : HikariPool-1 - Start completed.
2020-10-16 14:09:00.003  INFO 13256 --- [RMI TCP Connection(3)-192.168.25.1] o.a.c.c.C.[Tomcat].[localhost].[/]       : Initializing Spring DispatcherServlet 'dispatcherServlet'
2020-10-16 14:09:00.004  INFO 13256 --- [RMI TCP Connection(3)-192.168.25.1] o.s.web.servlet.DispatcherServlet        : Initializing Servlet 'dispatcherServlet'
2020-10-16 14:09:00.015  INFO 13256 --- [RMI TCP Connection(3)-192.168.25.1] o.s.web.servlet.DispatcherServlet        : Completed initialization in 10 ms
2020-10-16 14:11:27.054  INFO 10528 --- [restartedMain] c.y.w.WechatcontentApplication           : Starting WechatcontentApplication on PC201905012116 with PID 10528 (D:\ZNGitlab\wechatcontent\target\classes started by Administrator in D:\ZNGitlab\wechatcontent)
2020-10-16 14:11:27.059  INFO 10528 --- [restartedMain] c.y.w.WechatcontentApplication           : No active profile set, falling back to default profiles: default
2020-10-16 14:11:27.140  INFO 10528 --- [restartedMain] .e.DevToolsPropertyDefaultsPostProcessor : Devtools property defaults active! Set 'spring.devtools.add-properties' to 'false' to disable
2020-10-16 14:11:27.140  INFO 10528 --- [restartedMain] .e.DevToolsPropertyDefaultsPostProcessor : For additional web related logging consider setting the 'logging.level.web' property to 'DEBUG'
2020-10-16 14:11:29.061  INFO 10528 --- [restartedMain] o.s.b.w.embedded.tomcat.TomcatWebServer  : Tomcat initialized with port(s): 8080 (http)
2020-10-16 14:11:29.072  INFO 10528 --- [restartedMain] o.apache.catalina.core.StandardService   : Starting service [Tomcat]
2020-10-16 14:11:29.072  INFO 10528 --- [restartedMain] org.apache.catalina.core.StandardEngine  : Starting Servlet engine: [Apache Tomcat/9.0.38]
2020-10-16 14:11:29.165  INFO 10528 --- [restartedMain] o.a.c.c.C.[Tomcat].[localhost].[/]       : Initializing Spring embedded WebApplicationContext
2020-10-16 14:11:29.165  INFO 10528 --- [restartedMain] w.s.c.ServletWebServerApplicationContext : Root WebApplicationContext: initialization completed in 2025 ms
2020-10-16 14:11:29.879  INFO 10528 --- [restartedMain] o.s.s.concurrent.ThreadPoolTaskExecutor  : Initializing ExecutorService 'applicationTaskExecutor'
2020-10-16 14:11:30.428  INFO 10528 --- [restartedMain] o.s.b.d.a.OptionalLiveReloadServer       : LiveReload server is running on port 35729
2020-10-16 14:11:30.436  INFO 10528 --- [restartedMain] o.s.b.a.e.web.EndpointLinksResolver      : Exposing 2 endpoint(s) beneath base path '/actuator'
2020-10-16 14:11:30.503  INFO 10528 --- [restartedMain] o.s.b.w.embedded.tomcat.TomcatWebServer  : Tomcat started on port(s): 8080 (http) with context path ''
2020-10-16 14:11:30.521  INFO 10528 --- [restartedMain] c.y.w.WechatcontentApplication           : Started WechatcontentApplication in 4.177 seconds (JVM running for 5.773)
2020-10-16 14:11:30.547  INFO 10528 --- [restartedMain] com.zaxxer.hikari.HikariDataSource       : HikariPool-1 - Starting...
2020-10-16 14:11:30.659  INFO 10528 --- [restartedMain] com.zaxxer.hikari.HikariDataSource       : HikariPool-1 - Start completed.
2020-10-16 14:11:31.171  INFO 10528 --- [RMI TCP Connection(2)-192.168.25.1] o.a.c.c.C.[Tomcat].[localhost].[/]       : Initializing Spring DispatcherServlet 'dispatcherServlet'
2020-10-16 14:11:31.172  INFO 10528 --- [RMI TCP Connection(2)-192.168.25.1] o.s.web.servlet.DispatcherServlet        : Initializing Servlet 'dispatcherServlet'
2020-10-16 14:11:31.191  INFO 10528 --- [RMI TCP Connection(2)-192.168.25.1] o.s.web.servlet.DispatcherServlet        : Completed initialization in 19 ms
2020-10-16 14:12:34.173  INFO 11112 --- [restartedMain] c.y.w.WechatcontentApplication           : Starting WechatcontentApplication on PC201905012116 with PID 11112 (D:\ZNGitlab\wechatcontent\target\classes started by Administrator in D:\ZNGitlab\wechatcontent)
2020-10-16 14:12:34.178  INFO 11112 --- [restartedMain] c.y.w.WechatcontentApplication           : No active profile set, falling back to default profiles: default
2020-10-16 14:12:34.336  INFO 11112 --- [restartedMain] .e.DevToolsPropertyDefaultsPostProcessor : Devtools property defaults active! Set 'spring.devtools.add-properties' to 'false' to disable
2020-10-16 14:12:34.337  INFO 11112 --- [restartedMain] .e.DevToolsPropertyDefaultsPostProcessor : For additional web related logging consider setting the 'logging.level.web' property to 'DEBUG'
2020-10-16 14:12:36.299  INFO 11112 --- [restartedMain] o.s.b.w.embedded.tomcat.TomcatWebServer  : Tomcat initialized with port(s): 8080 (http)
2020-10-16 14:12:36.308  INFO 11112 --- [restartedMain] o.apache.catalina.core.StandardService   : Starting service [Tomcat]
2020-10-16 14:12:36.308  INFO 11112 --- [restartedMain] org.apache.catalina.core.StandardEngine  : Starting Servlet engine: [Apache Tomcat/9.0.38]
2020-10-16 14:12:36.397  INFO 11112 --- [restartedMain] o.a.c.c.C.[Tomcat].[localhost].[/]       : Initializing Spring embedded WebApplicationContext
2020-10-16 14:12:36.398  INFO 11112 --- [restartedMain] w.s.c.ServletWebServerApplicationContext : Root WebApplicationContext: initialization completed in 2061 ms
2020-10-16 14:12:37.149  INFO 11112 --- [restartedMain] o.s.s.concurrent.ThreadPoolTaskExecutor  : Initializing ExecutorService 'applicationTaskExecutor'
2020-10-16 14:12:37.568  INFO 11112 --- [restartedMain] o.s.b.d.a.OptionalLiveReloadServer       : LiveReload server is running on port 35729
2020-10-16 14:12:37.575  INFO 11112 --- [restartedMain] o.s.b.a.e.web.EndpointLinksResolver      : Exposing 2 endpoint(s) beneath base path '/actuator'
2020-10-16 14:12:37.636  INFO 11112 --- [restartedMain] o.s.b.w.embedded.tomcat.TomcatWebServer  : Tomcat started on port(s): 8080 (http) with context path ''
2020-10-16 14:12:37.653  INFO 11112 --- [restartedMain] c.y.w.WechatcontentApplication           : Started WechatcontentApplication in 4.23 seconds (JVM running for 5.831)
2020-10-16 14:12:37.690  INFO 11112 --- [restartedMain] com.zaxxer.hikari.HikariDataSource       : HikariPool-1 - Starting...
2020-10-16 14:12:37.834  INFO 11112 --- [restartedMain] com.zaxxer.hikari.HikariDataSource       : HikariPool-1 - Start completed.
2020-10-16 14:12:39.275  INFO 11112 --- [RMI TCP Connection(3)-192.168.25.1] o.a.c.c.C.[Tomcat].[localhost].[/]       : Initializing Spring DispatcherServlet 'dispatcherServlet'
2020-10-16 14:12:39.275  INFO 11112 --- [RMI TCP Connection(3)-192.168.25.1] o.s.web.servlet.DispatcherServlet        : Initializing Servlet 'dispatcherServlet'
2020-10-16 14:12:39.288  INFO 11112 --- [RMI TCP Connection(3)-192.168.25.1] o.s.web.servlet.DispatcherServlet        : Completed initialization in 12 ms
2020-10-16 14:20:57.368  INFO 13872 --- [restartedMain] c.y.w.WechatcontentApplication           : Starting WechatcontentApplication on PC201905012116 with PID 13872 (D:\ZNGitlab\wechatcontent\target\classes started by Administrator in D:\ZNGitlab\wechatcontent)
2020-10-16 14:20:57.373  INFO 13872 --- [restartedMain] c.y.w.WechatcontentApplication           : No active profile set, falling back to default profiles: default
2020-10-16 14:20:57.455  INFO 13872 --- [restartedMain] .e.DevToolsPropertyDefaultsPostProcessor : Devtools property defaults active! Set 'spring.devtools.add-properties' to 'false' to disable
2020-10-16 14:20:57.455  INFO 13872 --- [restartedMain] .e.DevToolsPropertyDefaultsPostProcessor : For additional web related logging consider setting the 'logging.level.web' property to 'DEBUG'
2020-10-16 14:20:59.369  INFO 13872 --- [restartedMain] o.s.b.w.embedded.tomcat.TomcatWebServer  : Tomcat initialized with port(s): 8080 (http)
2020-10-16 14:20:59.380  INFO 13872 --- [restartedMain] o.apache.catalina.core.StandardService   : Starting service [Tomcat]
2020-10-16 14:20:59.380  INFO 13872 --- [restartedMain] org.apache.catalina.core.StandardEngine  : Starting Servlet engine: [Apache Tomcat/9.0.38]
2020-10-16 14:20:59.473  INFO 13872 --- [restartedMain] o.a.c.c.C.[Tomcat].[localhost].[/]       : Initializing Spring embedded WebApplicationContext
2020-10-16 14:20:59.473  INFO 13872 --- [restartedMain] w.s.c.ServletWebServerApplicationContext : Root WebApplicationContext: initialization completed in 2018 ms
2020-10-16 14:21:00.265  INFO 13872 --- [restartedMain] o.s.s.concurrent.ThreadPoolTaskExecutor  : Initializing ExecutorService 'applicationTaskExecutor'
2020-10-16 14:21:00.686  INFO 13872 --- [restartedMain] o.s.b.d.a.OptionalLiveReloadServer       : LiveReload server is running on port 35729
2020-10-16 14:21:00.692  INFO 13872 --- [restartedMain] o.s.b.a.e.web.EndpointLinksResolver      : Exposing 2 endpoint(s) beneath base path '/actuator'
2020-10-16 14:21:00.761  INFO 13872 --- [restartedMain] o.s.b.w.embedded.tomcat.TomcatWebServer  : Tomcat started on port(s): 8080 (http) with context path ''
2020-10-16 14:21:00.783  INFO 13872 --- [restartedMain] c.y.w.WechatcontentApplication           : Started WechatcontentApplication in 4.171 seconds (JVM running for 5.758)
2020-10-16 14:21:00.822  INFO 13872 --- [restartedMain] com.zaxxer.hikari.HikariDataSource       : HikariPool-1 - Starting...
2020-10-16 14:21:00.946  INFO 13872 --- [restartedMain] com.zaxxer.hikari.HikariDataSource       : HikariPool-1 - Start completed.
2020-10-16 14:21:01.064  INFO 13872 --- [RMI TCP Connection(1)-192.168.25.1] o.a.c.c.C.[Tomcat].[localhost].[/]       : Initializing Spring DispatcherServlet 'dispatcherServlet'
2020-10-16 14:21:01.065  INFO 13872 --- [RMI TCP Connection(1)-192.168.25.1] o.s.web.servlet.DispatcherServlet        : Initializing Servlet 'dispatcherServlet'
2020-10-16 14:21:01.076  INFO 13872 --- [RMI TCP Connection(1)-192.168.25.1] o.s.web.servlet.DispatcherServlet        : Completed initialization in 11 ms
2020-10-16 15:38:37.203  INFO 9180 --- [restartedMain] c.y.w.WechatcontentApplication           : Starting WechatcontentApplication on PC201905012116 with PID 9180 (D:\ZNGitlab\wechatcontent\target\classes started by Administrator in D:\ZNGitlab\wechatcontent)
2020-10-16 15:38:37.208  INFO 9180 --- [restartedMain] c.y.w.WechatcontentApplication           : No active profile set, falling back to default profiles: default
2020-10-16 15:38:37.320  INFO 9180 --- [restartedMain] .e.DevToolsPropertyDefaultsPostProcessor : Devtools property defaults active! Set 'spring.devtools.add-properties' to 'false' to disable
2020-10-16 15:38:37.321  INFO 9180 --- [restartedMain] .e.DevToolsPropertyDefaultsPostProcessor : For additional web related logging consider setting the 'logging.level.web' property to 'DEBUG'
2020-10-16 15:38:39.438  INFO 9180 --- [restartedMain] o.s.b.w.embedded.tomcat.TomcatWebServer  : Tomcat initialized with port(s): 8080 (http)
2020-10-16 15:38:39.452  INFO 9180 --- [restartedMain] o.apache.catalina.core.StandardService   : Starting service [Tomcat]
2020-10-16 15:38:39.453  INFO 9180 --- [restartedMain] org.apache.catalina.core.StandardEngine  : Starting Servlet engine: [Apache Tomcat/9.0.38]
2020-10-16 15:38:39.579  INFO 9180 --- [restartedMain] o.a.c.c.C.[Tomcat].[localhost].[/]       : Initializing Spring embedded WebApplicationContext
2020-10-16 15:38:39.580  INFO 9180 --- [restartedMain] w.s.c.ServletWebServerApplicationContext : Root WebApplicationContext: initialization completed in 2259 ms
2020-10-16 15:38:40.843  INFO 9180 --- [restartedMain] o.s.s.concurrent.ThreadPoolTaskExecutor  : Initializing ExecutorService 'applicationTaskExecutor'
2020-10-16 15:38:41.384  INFO 9180 --- [restartedMain] o.s.b.d.a.OptionalLiveReloadServer       : LiveReload server is running on port 35729
2020-10-16 15:38:41.391  INFO 9180 --- [restartedMain] o.s.b.a.e.web.EndpointLinksResolver      : Exposing 2 endpoint(s) beneath base path '/actuator'
2020-10-16 15:38:41.470  INFO 9180 --- [restartedMain] o.s.b.w.embedded.tomcat.TomcatWebServer  : Tomcat started on port(s): 8080 (http) with context path ''
2020-10-16 15:38:41.492  INFO 9180 --- [restartedMain] c.y.w.WechatcontentApplication           : Started WechatcontentApplication in 4.974 seconds (JVM running for 8.594)
2020-10-16 15:38:41.531  INFO 9180 --- [restartedMain] com.zaxxer.hikari.HikariDataSource       : HikariPool-1 - Starting...
2020-10-16 15:38:41.693  INFO 9180 --- [restartedMain] com.zaxxer.hikari.HikariDataSource       : HikariPool-1 - Start completed.
2020-10-16 15:38:43.095  INFO 9180 --- [RMI TCP Connection(2)-192.168.25.1] o.a.c.c.C.[Tomcat].[localhost].[/]       : Initializing Spring DispatcherServlet 'dispatcherServlet'
2020-10-16 15:38:43.096  INFO 9180 --- [RMI TCP Connection(2)-192.168.25.1] o.s.web.servlet.DispatcherServlet        : Initializing Servlet 'dispatcherServlet'
2020-10-16 15:38:43.115  INFO 9180 --- [RMI TCP Connection(2)-192.168.25.1] o.s.web.servlet.DispatcherServlet        : Completed initialization in 19 ms
2020-10-16 15:39:44.148  INFO 11796 --- [restartedMain] c.y.w.WechatcontentApplication           : Starting WechatcontentApplication on PC201905012116 with PID 11796 (D:\ZNGitlab\wechatcontent\target\classes started by Administrator in D:\ZNGitlab\wechatcontent)
2020-10-16 15:39:44.154  INFO 11796 --- [restartedMain] c.y.w.WechatcontentApplication           : No active profile set, falling back to default profiles: default
2020-10-16 15:39:44.295  INFO 11796 --- [restartedMain] .e.DevToolsPropertyDefaultsPostProcessor : Devtools property defaults active! Set 'spring.devtools.add-properties' to 'false' to disable
2020-10-16 15:39:44.296  INFO 11796 --- [restartedMain] .e.DevToolsPropertyDefaultsPostProcessor : For additional web related logging consider setting the 'logging.level.web' property to 'DEBUG'
2020-10-16 15:39:46.419  INFO 11796 --- [restartedMain] o.s.b.w.embedded.tomcat.TomcatWebServer  : Tomcat initialized with port(s): 8080 (http)
2020-10-16 15:39:46.434  INFO 11796 --- [restartedMain] o.apache.catalina.core.StandardService   : Starting service [Tomcat]
2020-10-16 15:39:46.435  INFO 11796 --- [restartedMain] org.apache.catalina.core.StandardEngine  : Starting Servlet engine: [Apache Tomcat/9.0.38]
2020-10-16 15:39:46.551  INFO 11796 --- [restartedMain] o.a.c.c.C.[Tomcat].[localhost].[/]       : Initializing Spring embedded WebApplicationContext
2020-10-16 15:39:46.551  INFO 11796 --- [restartedMain] w.s.c.ServletWebServerApplicationContext : Root WebApplicationContext: initialization completed in 2255 ms
2020-10-16 15:39:47.595  INFO 11796 --- [restartedMain] o.s.s.concurrent.ThreadPoolTaskExecutor  : Initializing ExecutorService 'applicationTaskExecutor'
2020-10-16 15:39:48.086  INFO 11796 --- [restartedMain] o.s.b.d.a.OptionalLiveReloadServer       : LiveReload server is running on port 35729
2020-10-16 15:39:48.094  INFO 11796 --- [restartedMain] o.s.b.a.e.web.EndpointLinksResolver      : Exposing 2 endpoint(s) beneath base path '/actuator'
2020-10-16 15:39:48.172  INFO 11796 --- [restartedMain] o.s.b.w.embedded.tomcat.TomcatWebServer  : Tomcat started on port(s): 8080 (http) with context path ''
2020-10-16 15:39:48.195  INFO 11796 --- [restartedMain] c.y.w.WechatcontentApplication           : Started WechatcontentApplication in 5.122 seconds (JVM running for 7.058)
2020-10-16 15:39:52.850  INFO 11796 --- [restartedMain] com.zaxxer.hikari.HikariDataSource       : HikariPool-1 - Starting...
2020-10-16 15:39:53.054  INFO 11796 --- [restartedMain] com.zaxxer.hikari.HikariDataSource       : HikariPool-1 - Start completed.
2020-10-16 15:40:09.683  WARN 11796 --- [HikariPool-1 housekeeper] com.zaxxer.hikari.pool.HikariPool        : HikariPool-1 - Thread starvation or clock leap detected (housekeeper delta=46s627ms993µs900ns).
2020-10-16 15:40:10.733  INFO 11796 --- [RMI TCP Connection(2)-192.168.25.1] o.a.c.c.C.[Tomcat].[localhost].[/]       : Initializing Spring DispatcherServlet 'dispatcherServlet'
2020-10-16 15:40:10.734  INFO 11796 --- [RMI TCP Connection(2)-192.168.25.1] o.s.web.servlet.DispatcherServlet        : Initializing Servlet 'dispatcherServlet'
2020-10-16 15:40:10.750  INFO 11796 --- [RMI TCP Connection(2)-192.168.25.1] o.s.web.servlet.DispatcherServlet        : Completed initialization in 16 ms
2020-10-16 15:46:22.323  INFO 13488 --- [restartedMain] c.y.w.WechatcontentApplication           : Starting WechatcontentApplication on PC201905012116 with PID 13488 (D:\ZNGitlab\wechatcontent\target\classes started by Administrator in D:\ZNGitlab\wechatcontent)
2020-10-16 15:46:22.329  INFO 13488 --- [restartedMain] c.y.w.WechatcontentApplication           : No active profile set, falling back to default profiles: default
2020-10-16 15:46:22.482  INFO 13488 --- [restartedMain] .e.DevToolsPropertyDefaultsPostProcessor : Devtools property defaults active! Set 'spring.devtools.add-properties' to 'false' to disable
2020-10-16 15:46:22.483  INFO 13488 --- [restartedMain] .e.DevToolsPropertyDefaultsPostProcessor : For additional web related logging consider setting the 'logging.level.web' property to 'DEBUG'
2020-10-16 15:46:24.671  INFO 13488 --- [restartedMain] o.s.b.w.embedded.tomcat.TomcatWebServer  : Tomcat initialized with port(s): 8080 (http)
2020-10-16 15:46:24.687  INFO 13488 --- [restartedMain] o.apache.catalina.core.StandardService   : Starting service [Tomcat]
2020-10-16 15:46:24.688  INFO 13488 --- [restartedMain] org.apache.catalina.core.StandardEngine  : Starting Servlet engine: [Apache Tomcat/9.0.38]
2020-10-16 15:46:24.842  INFO 13488 --- [restartedMain] o.a.c.c.C.[Tomcat].[localhost].[/]       : Initializing Spring embedded WebApplicationContext
2020-10-16 15:46:24.842  INFO 13488 --- [restartedMain] w.s.c.ServletWebServerApplicationContext : Root WebApplicationContext: initialization completed in 2359 ms
2020-10-16 15:46:25.842  INFO 13488 --- [restartedMain] o.s.s.concurrent.ThreadPoolTaskExecutor  : Initializing ExecutorService 'applicationTaskExecutor'
2020-10-16 15:46:26.338  INFO 13488 --- [restartedMain] o.s.b.d.a.OptionalLiveReloadServer       : LiveReload server is running on port 35729
2020-10-16 15:46:26.345  INFO 13488 --- [restartedMain] o.s.b.a.e.web.EndpointLinksResolver      : Exposing 2 endpoint(s) beneath base path '/actuator'
2020-10-16 15:46:26.426  INFO 13488 --- [restartedMain] o.s.b.w.embedded.tomcat.TomcatWebServer  : Tomcat started on port(s): 8080 (http) with context path ''
2020-10-16 15:46:26.450  INFO 13488 --- [restartedMain] c.y.w.WechatcontentApplication           : Started WechatcontentApplication in 5.14 seconds (JVM running for 7.019)
2020-10-16 15:46:26.490  INFO 13488 --- [restartedMain] com.zaxxer.hikari.HikariDataSource       : HikariPool-1 - Starting...
2020-10-16 15:46:26.669  INFO 13488 --- [RMI TCP Connection(1)-192.168.25.1] o.a.c.c.C.[Tomcat].[localhost].[/]       : Initializing Spring DispatcherServlet 'dispatcherServlet'
2020-10-16 15:46:26.669  INFO 13488 --- [RMI TCP Connection(1)-192.168.25.1] o.s.web.servlet.DispatcherServlet        : Initializing Servlet 'dispatcherServlet'
2020-10-16 15:46:26.683  INFO 13488 --- [RMI TCP Connection(1)-192.168.25.1] o.s.web.servlet.DispatcherServlet        : Completed initialization in 14 ms
2020-10-16 15:46:26.777  INFO 13488 --- [restartedMain] com.zaxxer.hikari.HikariDataSource       : HikariPool-1 - Start completed.
